l:\documents\fork\opengl-graphic-interface\openglgraphicinterface\project1\x64\debug\vc143.pdb
l:\documents\fork\opengl-graphic-interface\openglgraphicinterface\project1\x64\debug\vc143.idb
l:\documents\fork\opengl-graphic-interface\openglgraphicinterface\project1\x64\debug\vertexbuffer.obj
l:\documents\fork\opengl-graphic-interface\openglgraphicinterface\project1\x64\debug\renderer.obj
l:\documents\fork\opengl-graphic-interface\openglgraphicinterface\project1\x64\debug\main.obj
l:\documents\fork\opengl-graphic-interface\openglgraphicinterface\project1\x64\debug\indexbuffer.obj
l:\documents\fork\opengl-graphic-interface\openglgraphicinterface\project1\x64\debug\openglgraphicinterface.ilk
l:\documents\fork\opengl-graphic-interface\openglgraphicinterface\x64\debug\openglgraphicinterface.pdb
l:\documents\fork\opengl-graphic-interface\openglgraphicinterface\project1\x64\debug\openglgr.90d81a07.tlog\cl.command.1.tlog
l:\documents\fork\opengl-graphic-interface\openglgraphicinterface\project1\x64\debug\openglgr.90d81a07.tlog\cl.items.tlog
l:\documents\fork\opengl-graphic-interface\openglgraphicinterface\project1\x64\debug\openglgr.90d81a07.tlog\cl.read.1.tlog
l:\documents\fork\opengl-graphic-interface\openglgraphicinterface\project1\x64\debug\openglgr.90d81a07.tlog\cl.write.1.tlog
l:\documents\fork\opengl-graphic-interface\openglgraphicinterface\project1\x64\debug\openglgr.90d81a07.tlog\link-cvtres.read.1.tlog
l:\documents\fork\opengl-graphic-interface\openglgraphicinterface\project1\x64\debug\openglgr.90d81a07.tlog\link-cvtres.write.1.tlog
l:\documents\fork\opengl-graphic-interface\openglgraphicinterface\project1\x64\debug\openglgr.90d81a07.tlog\link-rc.read.1.tlog
l:\documents\fork\opengl-graphic-interface\openglgraphicinterface\project1\x64\debug\openglgr.90d81a07.tlog\link-rc.write.1.tlog
l:\documents\fork\opengl-graphic-interface\openglgraphicinterface\project1\x64\debug\openglgr.90d81a07.tlog\link.command.1.tlog
l:\documents\fork\opengl-graphic-interface\openglgraphicinterface\project1\x64\debug\openglgr.90d81a07.tlog\link.read.1.tlog
l:\documents\fork\opengl-graphic-interface\openglgraphicinterface\project1\x64\debug\openglgr.90d81a07.tlog\link.read.2.tlog
l:\documents\fork\opengl-graphic-interface\openglgraphicinterface\project1\x64\debug\openglgr.90d81a07.tlog\link.secondary.1.tlog
l:\documents\fork\opengl-graphic-interface\openglgraphicinterface\project1\x64\debug\openglgr.90d81a07.tlog\link.write.1.tlog
